<?xml version="1.0" encoding="UTF-8"?>
<!-- Generated by org.testng.reporters.JUnitXMLReporter -->
<testsuite hostname="DESKTOP-H88POT0" ignored="0" name="Test" tests="1" failures="0" timestamp="15 Jul 2020 18:33:11 GMT" time="0.022" errors="0">
  <testcase name="@BeforeSuite beforeSuite" time="1.502" classname="commonFunctions.CapInitialise">
    <failure type="java.lang.NullPointerException">
      <![CDATA[java.lang.NullPointerException
	at commonFunctions.CapInitialise.startAppium(CapInitialise.java:133)
	at commonFunctions.CapInitialise.beforeSuite(CapInitialise.java:146)
... Removed 19 stack frames]]>
    </failure>
  </testcase> <!-- @BeforeSuite beforeSuite -->
  <testcase name="@BeforeMethod beforeMethod" time="0.0" classname="commonFunctions.CapInitialise">
    <skipped/>
  </testcase> <!-- @BeforeMethod beforeMethod -->
  <testcase name="testSearch_Compare" time="0.0" classname="test.AmazonAPKTest">
    <skipped/>
  </testcase> <!-- testSearch_Compare -->
</testsuite> <!-- Test -->
